Removed Pin From Net: NetName=gnd Pin=P1-4
Removed Pin From Net: NetName=3V3 Pin=P2-4
Removed Pin From Net: NetName=5V Pin=P2-5
Removed Pin From Net: NetName=gnd Pin=P2-6
Removed Pin From Net: NetName=gnd Pin=P2-7
Removed Pin From Net: NetName=gnd Pin=P3-5
Removed Pin From Net: NetName=gnd Pin=P3-6
Removed Pin From Net: NetName=3V3 Pin=P5-1
Removed Pin From Net: NetName=gnd Pin=P5-2
Removed Pin From Net: NetName=gnd Pin=P6-4
Removed Pin From Net: NetName=gnd Pin=P6-5
Removed Pin From Net: NetName=gnd Pin=P6-6
Removed Pin From Net: NetName=DI Pin=P8-7
Removed Pin From Net: NetName=5V Pin=R1-2
Removed Pin From Net: NetName=5V Pin=R2-2
Removed Member From Class: ClassName=PHX_COLDFLOW_MAIN Member=P1
Removed Member From Class: ClassName=PHX_COLDFLOW_MAIN Member=P2
Removed Member From Class: ClassName=PHX_COLDFLOW_MAIN Member=P3
Removed Member From Class: ClassName=PHX_COLDFLOW_MAIN Member=P4
Removed Member From Class: ClassName=PHX_COLDFLOW_MAIN Member=P5
Removed Member From Class: ClassName=PHX_COLDFLOW_MAIN Member=P6
Removed Member From Class: ClassName=PHX_COLDFLOW_MAIN Member=P7
Removed Member From Class: ClassName=PHX_COLDFLOW_MAIN Member=R2
Added Component: Designator=J?(FP-HFJ11-1G01ERL-MFG)
Add component (AddParameter): Name = "Automotive"; Value = "No"; VariantName = "[No Variations]"
Add component (AddParameter): Name = "Category"; Value = "Conn"; VariantName = "[No Variations]"
Add component (AddParameter): Name = "ComponentLink2Description"; Value = "Datasheet"; VariantName = "[No Variations]"
Add component (AddParameter): Name = "ComponentLink2URL"; Value = "https://www.haloelectronics.com/pdf/fastjack-gigabit.pdf"; VariantName = "[No Variations]"
Add component (AddParameter): Name = "Conn Gender"; Value = "Female"; VariantName = "[No Variations]"
Add component (AddParameter): Name = "Conn Orientation"; Value = "Horizontal"; VariantName = "[No Variations]"
Add component (AddParameter): Name = "Contact Material"; Value = "Gold"; VariantName = "[No Variations]"
Add component (AddParameter): Name = "Device Class L1"; Value = "Connectors"; VariantName = "[No Variations]"
Add component (AddParameter): Name = "Device Class L2"; Value = "Modular / Ethernet Connectors"; VariantName = "[No Variations]"
Add component (AddParameter): Name = "Device Class L3"; Value = "unset"; VariantName = "[No Variations]"
Add component (AddParameter): Name = "Height"; Value = "0.624inch"; VariantName = "[No Variations]"
Add component (AddParameter): Name = "Is Female"; Value = "yes"; VariantName = "[No Variations]"
Add component (AddParameter): Name = "Lead Free"; Value = "Yes"; VariantName = "[No Variations]"
Add component (AddParameter): Name = "Manufacturer"; Value = "HALO"; VariantName = "[No Variations]"
Add component (AddParameter): Name = "Manufacturer Part Number"; Value = "HFJ11-1G01ERL"; VariantName = "[No Variations]"
Add component (AddParameter): Name = "Mouser Description"; Value = "Conn RJ-45 F 8 POS 2.54mm Solder RA Thru-Hole 10 Terminal 1 Port"; VariantName = "[No Variations]"
Add component (AddParameter): Name = "Number Of Contacts"; Value = "8"; VariantName = "[No Variations]"
Add component (AddParameter): Name = "Octopart"; Value = "https://octopart.com/hfj11-1g01erl-halo-4052130"; VariantName = "[No Variations]"
Add component (AddParameter): Name = "Package"; Value = "0"; VariantName = "[No Variations]"
Add component (AddParameter): Name = "Pitch"; Value = "1.27mm"; VariantName = "[No Variations]"
Add component (AddParameter): Name = "RoHS"; Value = "TRUE"; VariantName = "[No Variations]"
Add component (AddParameter): Name = "Shielding"; Value = "true"; VariantName = "[No Variations]"
Add component (AddParameter): Name = "Temperature"; Value = "0°C to +70°C"; VariantName = "[No Variations]"
Add component (AddParameter): Name = "Temperature Range High"; Value = "+70°C"; VariantName = "[No Variations]"
Add component (AddParameter): Name = "Temperature Range Low"; Value = "0°C"; VariantName = "[No Variations]"
Added Component: Designator=J?(FP-HFJ11-1G01ERL-MFG)
Add component (AddParameter): Name = "Automotive"; Value = "No"; VariantName = "[No Variations]"
Add component (AddParameter): Name = "Category"; Value = "Conn"; VariantName = "[No Variations]"
Add component (AddParameter): Name = "ComponentLink2Description"; Value = "Datasheet"; VariantName = "[No Variations]"
Add component (AddParameter): Name = "ComponentLink2URL"; Value = "https://www.haloelectronics.com/pdf/fastjack-gigabit.pdf"; VariantName = "[No Variations]"
Add component (AddParameter): Name = "Conn Gender"; Value = "Female"; VariantName = "[No Variations]"
Add component (AddParameter): Name = "Conn Orientation"; Value = "Horizontal"; VariantName = "[No Variations]"
Add component (AddParameter): Name = "Contact Material"; Value = "Gold"; VariantName = "[No Variations]"
Add component (AddParameter): Name = "Device Class L1"; Value = "Connectors"; VariantName = "[No Variations]"
Add component (AddParameter): Name = "Device Class L2"; Value = "Modular / Ethernet Connectors"; VariantName = "[No Variations]"
Add component (AddParameter): Name = "Device Class L3"; Value = "unset"; VariantName = "[No Variations]"
Add component (AddParameter): Name = "Height"; Value = "0.624inch"; VariantName = "[No Variations]"
Add component (AddParameter): Name = "Is Female"; Value = "yes"; VariantName = "[No Variations]"
Add component (AddParameter): Name = "Lead Free"; Value = "Yes"; VariantName = "[No Variations]"
Add component (AddParameter): Name = "Manufacturer"; Value = "HALO"; VariantName = "[No Variations]"
Add component (AddParameter): Name = "Manufacturer Part Number"; Value = "HFJ11-1G01ERL"; VariantName = "[No Variations]"
Add component (AddParameter): Name = "Mouser Description"; Value = "Conn RJ-45 F 8 POS 2.54mm Solder RA Thru-Hole 10 Terminal 1 Port"; VariantName = "[No Variations]"
Add component (AddParameter): Name = "Number Of Contacts"; Value = "8"; VariantName = "[No Variations]"
Add component (AddParameter): Name = "Octopart"; Value = "https://octopart.com/hfj11-1g01erl-halo-4052130"; VariantName = "[No Variations]"
Add component (AddParameter): Name = "Package"; Value = "0"; VariantName = "[No Variations]"
Add component (AddParameter): Name = "Pitch"; Value = "1.27mm"; VariantName = "[No Variations]"
Add component (AddParameter): Name = "RoHS"; Value = "TRUE"; VariantName = "[No Variations]"
Add component (AddParameter): Name = "Shielding"; Value = "true"; VariantName = "[No Variations]"
Add component (AddParameter): Name = "Temperature"; Value = "0°C to +70°C"; VariantName = "[No Variations]"
Add component (AddParameter): Name = "Temperature Range High"; Value = "+70°C"; VariantName = "[No Variations]"
Add component (AddParameter): Name = "Temperature Range Low"; Value = "0°C"; VariantName = "[No Variations]"
Added Pin To Net: NetName=5V Pin=J?-9
Added Pin To Net: NetName=5V Pin=J?-9
Added Pin To Net: NetName=gnd Pin=J?-10
Added Pin To Net: NetName=gnd Pin=J?-10
Added Pin To Net: NetName=gnd Pin=J?-15
Added Pin To Net: NetName=gnd Pin=J?-15
Added Pin To Net: NetName=gnd Pin=J?-16
Added Pin To Net: NetName=gnd Pin=J?-16
Added Pin To Net: NetName=3V3 Pin=P9-7
Added Pin To Net: NetName=LCL Pin=J?-3
Added Pin To Net: NetName=LCL Pin=J?-3
Added Net: Name=LCL
Added Pin To Net: NetName=LDA Pin=J?-1
Added Pin To Net: NetName=LDA Pin=J?-1
Added Net: Name=LDA
Added Pin To Net: NetName=VSS_PT Pin=J?-4
Added Pin To Net: NetName=VSS_PT Pin=J?-4
Added Net: Name=VSS_PT
Added Member To Class: ClassName=PHX_COLDFLOW_MAIN Member=Component J? HFJ11-1G01ERL
Added Member To Class: ClassName=PHX_COLDFLOW_MAIN Member=Component J? HFJ11-1G01ERL
Added Room: Name=PHX_COLDFLOW_MAIN
