Change Component Designator: OldDesignator=LED? NewDesignator=LED1
Change Component Designator: OldDesignator=P? NewDesignator=P1
Change Component Designator: OldDesignator=P? NewDesignator=P2
Change Component Designator: OldDesignator=P? NewDesignator=P3
Change Component Designator: OldDesignator=P? NewDesignator=P4
Change Component Designator: OldDesignator=P? NewDesignator=P5
Change Component Designator: OldDesignator=P? NewDesignator=P6
Change Component Designator: OldDesignator=P? NewDesignator=P7
Change Component Designator: OldDesignator=P? NewDesignator=P8
Change Component Designator: OldDesignator=R? NewDesignator=R1
Change Component Designator: OldDesignator=R? NewDesignator=R2
Change Component Designator: OldDesignator=R? NewDesignator=R3
Added Component: Designator=P9(HDR1X8)
Add component (AddParameter): Name = "LatestRevisionDate"; Value = "17-Jul-2002"; VariantName = "[No Variations]"
Add component (AddParameter): Name = "LatestRevisionNote"; Value = "Re-released for DXP Platform."; VariantName = "[No Variations]"
Add component (AddParameter): Name = "Publisher"; Value = "Altium Limited"; VariantName = "[No Variations]"
Added Pin To Net: NetName=DI Pin=P9-3
Added Pin To Net: NetName=gnd Pin=P9-6
Added Pin To Net: NetName=5V Pin=P9-8
Change Net Name : Old Net Name=NetLED?_1 New Net Name=NetLED1_1
Added Pin To Net: NetName=3V Pin=P9-7
Added Net: Name=3V
Added Pin To Net: NetName=CD Pin=P9-1
Added Net: Name=CD
Added Pin To Net: NetName=CLK Pin=P9-5
Added Net: Name=CLK
Added Pin To Net: NetName=CS Pin=P9-2
Added Net: Name=CS
Added Pin To Net: NetName=DO Pin=P9-4
Added Net: Name=DO
Added Member To Class: ClassName=PHX_COLDFLOW_MAIN Member=Component P1 NANO header
Added Member To Class: ClassName=PHX_COLDFLOW_MAIN Member=Component P2 NANO header
Added Member To Class: ClassName=PHX_COLDFLOW_MAIN Member=Component P3 NANO header
Added Member To Class: ClassName=PHX_COLDFLOW_MAIN Member=Component P4 NANO header
Added Member To Class: ClassName=PHX_COLDFLOW_MAIN Member=Component P5 Breakout: SPI
Added Member To Class: ClassName=PHX_COLDFLOW_MAIN Member=Component P6 NANO header
Added Member To Class: ClassName=PHX_COLDFLOW_MAIN Member=Component P7 NANO header
Added Member To Class: ClassName=PHX_COLDFLOW_MAIN Member=Component P9 SD_CARD
Added Member To Class: ClassName=PHX_COLDFLOW_MAIN Member=Component R2 Res1
Added Member To Class: ClassName=PHX_COLDFLOW_MAIN Member=Component R3 Res1
Added Room: Name=PHX_COLDFLOW_MAIN
