Removed Pin From Net: NetName=gnd Pin=LED1-2
Removed Pin From Net: NetName=D19 Pin=P1-1
Removed Pin From Net: NetName=D18 Pin=P1-2
Removed Pin From Net: NetName=AREF Pin=P1-3
Removed Pin From Net: NetName=gnd Pin=P1-4
Removed Pin From Net: NetName=D13 Pin=P1-5
Removed Pin From Net: NetName=D12 Pin=P1-6
Removed Pin From Net: NetName=D11 Pin=P1-7
Removed Pin From Net: NetName=D10 Pin=P1-8
Removed Pin From Net: NetName=D9 Pin=P1-9
Removed Pin From Net: NetName=D8 Pin=P1-10
Removed Pin From Net: NetName=NC Pin=P2-1
Removed Pin From Net: NetName=IOREF Pin=P2-2
Removed Pin From Net: NetName=RESET Pin=P2-3
Removed Pin From Net: NetName=3V3 Pin=P2-4
Removed Pin From Net: NetName=5V Pin=P2-5
Removed Pin From Net: NetName=gnd Pin=P2-6
Removed Pin From Net: NetName=gnd Pin=P2-7
Removed Pin From Net: NetName=VIN Pin=P2-8
Removed Pin From Net: NetName=D14 Pin=P3-1
Removed Pin From Net: NetName=D15 Pin=P3-2
Removed Pin From Net: NetName=D16 Pin=P3-3
Removed Pin From Net: NetName=D17 Pin=P3-4
Removed Pin From Net: NetName=A4 Pin=P3-5
Removed Pin From Net: NetName=A5 Pin=P3-6
Removed Pin From Net: NetName=D7 Pin=P4-1
Removed Pin From Net: NetName=D6 Pin=P4-2
Removed Pin From Net: NetName=D5 Pin=P4-3
Removed Pin From Net: NetName=D4 Pin=P4-4
Removed Pin From Net: NetName=D3 Pin=P4-5
Removed Pin From Net: NetName=D2 Pin=P4-6
Removed Pin From Net: NetName=DI Pin=P4-7
Removed Pin From Net: NetName=RO Pin=P4-8
Removed Pin From Net: NetName=A5 Pin=P5-1
Removed Pin From Net: NetName=A5 Pin=P5-2
Removed Pin From Net: NetName=A4 Pin=P5-3
Removed Pin From Net: NetName=A4 Pin=P5-4
Removed Pin From Net: NetName=gnd Pin=P5-5
Removed Pin From Net: NetName=gnd Pin=P5-6
Removed Pin From Net: NetName=3V3 Pin=P6-1
Removed Pin From Net: NetName=gnd Pin=P6-2
Removed Pin From Net: NetName=D13 Pin=P6-3
Removed Pin From Net: NetName=D12 Pin=P6-4
Removed Pin From Net: NetName=D11 Pin=P6-5
Removed Pin From Net: NetName=D10 Pin=P6-6
Removed Pin From Net: NetName=D14 Pin=P7-1
Removed Pin From Net: NetName=D15 Pin=P7-2
Removed Pin From Net: NetName=D16 Pin=P7-3
Removed Pin From Net: NetName=D17 Pin=P7-4
Removed Pin From Net: NetName=A4 Pin=P7-5
Removed Pin From Net: NetName=A5 Pin=P7-6
Removed Pin From Net: NetName=D2 Pin=P8-1
Removed Pin From Net: NetName=D3 Pin=P8-2
Removed Pin From Net: NetName=D4 Pin=P8-3
Removed Pin From Net: NetName=gnd Pin=P8-4
Removed Pin From Net: NetName=gnd Pin=P8-5
Removed Pin From Net: NetName=gnd Pin=P8-6
Removed Pin From Net: NetName=A5 Pin=R7-1
Removed Pin From Net: NetName=5V Pin=R7-2
Removed Pin From Net: NetName=A4 Pin=R8-1
Removed Pin From Net: NetName=5V Pin=R8-2
Removed Pin From Net: NetName=5V Pin=R9-1
Removed Pin From Net: NetName=5V Pin=R10-1
Added Component: Designator=LED?(HLMPY601J0000)
Add component (AddParameter): Name = "Arrow Part Number"; Value = ""; VariantName = "[No Variations]"
Add component (AddParameter): Name = "Arrow Price/Stock"; Value = ""; VariantName = "[No Variations]"
Add component (AddParameter): Name = "Datasheet Link"; Value = "https://componentsearchengine.com/Datasheets/2/HLMP-Y601-J0000.pdf"; VariantName = "[No Variations]"
Add component (AddParameter): Name = "Height"; Value = "6.2mm"; VariantName = "[No Variations]"
Add component (AddParameter): Name = "Manufacturer_Name"; Value = "Avago Technologies"; VariantName = "[No Variations]"
Add component (AddParameter): Name = "Manufacturer_Part_Number"; Value = "HLMP-Y601-J0000"; VariantName = "[No Variations]"
Add component (AddParameter): Name = "Mouser Part Number"; Value = "630-HLMP-Y601-J0000"; VariantName = "[No Variations]"
Add component (AddParameter): Name = "Mouser Price/Stock"; Value = "https://www.mouser.co.uk/ProductDetail/Broadcom-Avago/HLMP-Y601-J0000/?qs=eQsPqqG3NqZlsxOZsiOi8g%3D%3D"; VariantName = "[No Variations]"
Added Component: Designator=P?(HDR1X6)
Add component (AddParameter): Name = "LatestRevisionDate"; Value = "17-Jul-2002"; VariantName = "[No Variations]"
Add component (AddParameter): Name = "LatestRevisionNote"; Value = "Re-released for DXP Platform."; VariantName = "[No Variations]"
Add component (AddParameter): Name = "Publisher"; Value = "Altium Limited"; VariantName = "[No Variations]"
Added Component: Designator=P?(HDR1X6)
Add component (AddParameter): Name = "LatestRevisionDate"; Value = "17-Jul-2002"; VariantName = "[No Variations]"
Add component (AddParameter): Name = "LatestRevisionNote"; Value = "Re-released for DXP Platform."; VariantName = "[No Variations]"
Add component (AddParameter): Name = "Publisher"; Value = "Altium Limited"; VariantName = "[No Variations]"
Added Component: Designator=P?(HDR1X6)
Add component (AddParameter): Name = "LatestRevisionDate"; Value = "17-Jul-2002"; VariantName = "[No Variations]"
Add component (AddParameter): Name = "LatestRevisionNote"; Value = "Re-released for DXP Platform."; VariantName = "[No Variations]"
Add component (AddParameter): Name = "Publisher"; Value = "Altium Limited"; VariantName = "[No Variations]"
Added Component: Designator=P?(HDR1X6)
Add component (AddParameter): Name = "LatestRevisionDate"; Value = "17-Jul-2002"; VariantName = "[No Variations]"
Add component (AddParameter): Name = "LatestRevisionNote"; Value = "Re-released for DXP Platform."; VariantName = "[No Variations]"
Add component (AddParameter): Name = "Publisher"; Value = "Altium Limited"; VariantName = "[No Variations]"
Added Component: Designator=P?(HDR1X10)
Add component (AddParameter): Name = "LatestRevisionDate"; Value = "17-Jul-2002"; VariantName = "[No Variations]"
Add component (AddParameter): Name = "LatestRevisionNote"; Value = "Re-released for DXP Platform."; VariantName = "[No Variations]"
Add component (AddParameter): Name = "Publisher"; Value = "Altium Limited"; VariantName = "[No Variations]"
Added Component: Designator=P?(HDR1X8)
Add component (AddParameter): Name = "LatestRevisionDate"; Value = "17-Jul-2002"; VariantName = "[No Variations]"
Add component (AddParameter): Name = "LatestRevisionNote"; Value = "Re-released for DXP Platform."; VariantName = "[No Variations]"
Add component (AddParameter): Name = "Publisher"; Value = "Altium Limited"; VariantName = "[No Variations]"
Added Component: Designator=P?(HDR1X8)
Add component (AddParameter): Name = "LatestRevisionDate"; Value = "17-Jul-2002"; VariantName = "[No Variations]"
Add component (AddParameter): Name = "LatestRevisionNote"; Value = "Re-released for DXP Platform."; VariantName = "[No Variations]"
Add component (AddParameter): Name = "Publisher"; Value = "Altium Limited"; VariantName = "[No Variations]"
Added Component: Designator=P?(HDR1X6)
Add component (AddParameter): Name = "LatestRevisionDate"; Value = "17-Jul-2002"; VariantName = "[No Variations]"
Add component (AddParameter): Name = "LatestRevisionNote"; Value = "Re-released for DXP Platform."; VariantName = "[No Variations]"
Add component (AddParameter): Name = "Publisher"; Value = "Altium Limited"; VariantName = "[No Variations]"
Added Component: Designator=R?(6-0805_L)
Add component (AddParameter): Name = "LatestRevisionDate"; Value = "17-Jul-2002"; VariantName = "[No Variations]"
Add component (AddParameter): Name = "LatestRevisionNote"; Value = "Re-released for DXP Platform."; VariantName = "[No Variations]"
Add component (AddParameter): Name = "PackageDescription"; Value = "Axial Device, Thru-Hole; 2 Leads; 0.3 in Pin Spacing"; VariantName = "[No Variations]"
Add component (AddParameter): Name = "PackageReference"; Value = "AXIAL-0.3"; VariantName = "[No Variations]"
Add component (AddParameter): Name = "Published"; Value = "8-Jun-2000"; VariantName = "[No Variations]"
Add component (AddParameter): Name = "Publisher"; Value = "Altium Limited"; VariantName = "[No Variations]"
Add component (AddParameter): Name = "Value"; Value = "1K"; VariantName = "[No Variations]"
Added Component: Designator=R?(6-0805_L)
Add component (AddParameter): Name = "LatestRevisionDate"; Value = "17-Jul-2002"; VariantName = "[No Variations]"
Add component (AddParameter): Name = "LatestRevisionNote"; Value = "Re-released for DXP Platform."; VariantName = "[No Variations]"
Add component (AddParameter): Name = "PackageDescription"; Value = "Axial Device, Thru-Hole; 2 Leads; 0.3 in Pin Spacing"; VariantName = "[No Variations]"
Add component (AddParameter): Name = "PackageReference"; Value = "AXIAL-0.3"; VariantName = "[No Variations]"
Add component (AddParameter): Name = "Published"; Value = "8-Jun-2000"; VariantName = "[No Variations]"
Add component (AddParameter): Name = "Publisher"; Value = "Altium Limited"; VariantName = "[No Variations]"
Add component (AddParameter): Name = "Value"; Value = "1K"; VariantName = "[No Variations]"
Added Component: Designator=R?(6-0805_L)
Add component (AddParameter): Name = "LatestRevisionDate"; Value = "17-Jul-2002"; VariantName = "[No Variations]"
Add component (AddParameter): Name = "LatestRevisionNote"; Value = "Re-released for DXP Platform."; VariantName = "[No Variations]"
Add component (AddParameter): Name = "PackageDescription"; Value = "Axial Device, Thru-Hole; 2 Leads; 0.3 in Pin Spacing"; VariantName = "[No Variations]"
Add component (AddParameter): Name = "PackageReference"; Value = "AXIAL-0.3"; VariantName = "[No Variations]"
Add component (AddParameter): Name = "Published"; Value = "8-Jun-2000"; VariantName = "[No Variations]"
Add component (AddParameter): Name = "Publisher"; Value = "Altium Limited"; VariantName = "[No Variations]"
Add component (AddParameter): Name = "Value"; Value = "1K"; VariantName = "[No Variations]"
Added Pin To Net: NetName=gnd Pin=LED?-2
Added Pin To Net: NetName=3V3 Pin=P?-1
Added Pin To Net: NetName=A5 Pin=P?-1
Added Pin To Net: NetName=D2 Pin=P?-1
Added Pin To Net: NetName=D7 Pin=P?-1
Added Pin To Net: NetName=D14 Pin=P?-1
Added Pin To Net: NetName=D14 Pin=P?-1
Added Pin To Net: NetName=D19 Pin=P?-1
Added Pin To Net: NetName=NC Pin=P?-1
Added Pin To Net: NetName=A5 Pin=P?-2
Added Pin To Net: NetName=D3 Pin=P?-2
Added Pin To Net: NetName=D6 Pin=P?-2
Added Pin To Net: NetName=D15 Pin=P?-2
Added Pin To Net: NetName=D15 Pin=P?-2
Added Pin To Net: NetName=D18 Pin=P?-2
Added Pin To Net: NetName=gnd Pin=P?-2
Added Pin To Net: NetName=IOREF Pin=P?-2
Added Pin To Net: NetName=A4 Pin=P?-3
Added Pin To Net: NetName=AREF Pin=P?-3
Added Pin To Net: NetName=D4 Pin=P?-3
Added Pin To Net: NetName=D5 Pin=P?-3
Added Pin To Net: NetName=D13 Pin=P?-3
Added Pin To Net: NetName=D16 Pin=P?-3
Added Pin To Net: NetName=D16 Pin=P?-3
Added Pin To Net: NetName=RESET Pin=P?-3
Added Pin To Net: NetName=3V3 Pin=P?-4
Added Pin To Net: NetName=A4 Pin=P?-4
Added Pin To Net: NetName=D4 Pin=P?-4
Added Pin To Net: NetName=D12 Pin=P?-4
Added Pin To Net: NetName=D17 Pin=P?-4
Added Pin To Net: NetName=D17 Pin=P?-4
Added Pin To Net: NetName=gnd Pin=P?-4
Added Pin To Net: NetName=gnd Pin=P?-4
Added Pin To Net: NetName=5V Pin=P?-5
Added Pin To Net: NetName=A4 Pin=P?-5
Added Pin To Net: NetName=A4 Pin=P?-5
Added Pin To Net: NetName=D3 Pin=P?-5
Added Pin To Net: NetName=D11 Pin=P?-5
Added Pin To Net: NetName=D13 Pin=P?-5
Added Pin To Net: NetName=gnd Pin=P?-5
Added Pin To Net: NetName=gnd Pin=P?-5
Added Pin To Net: NetName=A5 Pin=P?-6
Added Pin To Net: NetName=A5 Pin=P?-6
Added Pin To Net: NetName=D2 Pin=P?-6
Added Pin To Net: NetName=D10 Pin=P?-6
Added Pin To Net: NetName=D12 Pin=P?-6
Added Pin To Net: NetName=gnd Pin=P?-6
Added Pin To Net: NetName=gnd Pin=P?-6
Added Pin To Net: NetName=gnd Pin=P?-6
Added Pin To Net: NetName=D11 Pin=P?-7
Added Pin To Net: NetName=DI Pin=P?-7
Added Pin To Net: NetName=gnd Pin=P?-7
Added Pin To Net: NetName=D10 Pin=P?-8
Added Pin To Net: NetName=RO Pin=P?-8
Added Pin To Net: NetName=VIN Pin=P?-8
Added Pin To Net: NetName=D9 Pin=P?-9
Added Pin To Net: NetName=D8 Pin=P?-10
Added Pin To Net: NetName=5V Pin=R?-1
Added Pin To Net: NetName=A4 Pin=R?-1
Added Pin To Net: NetName=A5 Pin=R?-1
Added Pin To Net: NetName=5V Pin=R?-2
Added Pin To Net: NetName=5V Pin=R?-2
Added Pin To Net: NetName=NetLED?_1 Pin=LED?-1
Added Pin To Net: NetName=NetLED?_1 Pin=R?-2
Added Net: Name=NetLED?_1
Added Class: Name=PHX_COLDFLOW_MAIN
Added Room: Name=PHX_COLDFLOW_MAIN
